
*** Running vivado
    with args -log design_1_rst_ddr4_0_100M_0.vds -m64 -product Vivado -mode batch -messageDb vivado.pb -notrace -source design_1_rst_ddr4_0_100M_0.tcl


****** Vivado v2023.2.2 (64-bit)
  **** SW Build 4126759 on Thu Feb  8 23:52:05 MST 2024
  **** IP Build 4126054 on Fri Feb  9 11:39:09 MST 2024
  **** SharedData Build 4115275 on Tue Jan 30 00:40:57 MST 2024
    ** Copyright 1986-2022 Xilinx, Inc. All Rights Reserved.
    ** Copyright 2022-2024 Advanced Micro Devices, Inc. All Rights Reserved.

source design_1_rst_ddr4_0_100M_0.tcl -notrace
WARNING: [Common 17-1361] You have specified a new message control rule that is equivalent to an existing rule with attributes ' -id {[BD 41-1271]}  -suppress '. The existing rule will be replaced.
WARNING: [Common 17-1361] You have specified a new message control rule that is equivalent to an existing rule with attributes ' -id {[BD 41-1306]}  -suppress '. The existing rule will be replaced.
create_project: Time (s): cpu = 00:00:05 ; elapsed = 00:00:06 . Memory (MB): peak = 1336.078 ; gain = 73.836 ; free physical = 481204 ; free virtual = 519620
INFO: [IP_Flow 19-6924] IPCACHE: Running cache check for IP inst: design_1_rst_ddr4_0_100M_0
Command: synth_design -top design_1_rst_ddr4_0_100M_0 -part xcu200-fsgd2104-2-e -incremental_mode off -mode out_of_context
Starting synth_design
Attempting to get a license for feature 'Synthesis' and/or device 'xcu200'
INFO: [Common 17-349] Got license for feature 'Synthesis' and/or device 'xcu200'
INFO: [Device 21-403] Loading part xcu200-fsgd2104-2-e
INFO: [Synth 8-7079] Multithreading enabled for synth_design using a maximum of 4 processes.
INFO: [Synth 8-7078] Launching helper process for spawning children vivado processes
INFO: [Synth 8-7075] Helper process launched with PID 2670295
---------------------------------------------------------------------------------
Starting RTL Elaboration : Time (s): cpu = 00:00:03 ; elapsed = 00:00:03 . Memory (MB): peak = 2817.277 ; gain = 391.715 ; free physical = 454864 ; free virtual = 493281
---------------------------------------------------------------------------------
INFO: [Synth 8-638] synthesizing module 'design_1_rst_ddr4_0_100M_0' [/work/zain/Xilinx/alveo200_100mhzLINUX/alveo200_100mhzLINUX.gen/sources_1/bd/design_1/ip/design_1_rst_ddr4_0_100M_0/synth/design_1_rst_ddr4_0_100M_0.vhd:74]
	Parameter C_FAMILY bound to: virtexuplus - type: string 
	Parameter C_EXT_RST_WIDTH bound to: 4 - type: integer 
	Parameter C_AUX_RST_WIDTH bound to: 4 - type: integer 
	Parameter C_EXT_RESET_HIGH bound to: 1'b1 
	Parameter C_AUX_RESET_HIGH bound to: 1'b0 
	Parameter C_NUM_BUS_RST bound to: 1 - type: integer 
	Parameter C_NUM_PERP_RST bound to: 1 - type: integer 
	Parameter C_NUM_INTERCONNECT_ARESETN bound to: 1 - type: integer 
	Parameter C_NUM_PERP_ARESETN bound to: 1 - type: integer 
INFO: [Synth 8-3491] module 'proc_sys_reset' declared at '/work/zain/Xilinx/alveo200_100mhzLINUX/alveo200_100mhzLINUX.gen/sources_1/bd/design_1/ipshared/408c/hdl/proc_sys_reset_v5_0_vh_rfs.vhd:1271' bound to instance 'U0' of component 'proc_sys_reset' [/work/zain/Xilinx/alveo200_100mhzLINUX/alveo200_100mhzLINUX.gen/sources_1/bd/design_1/ip/design_1_rst_ddr4_0_100M_0/synth/design_1_rst_ddr4_0_100M_0.vhd:129]
INFO: [Synth 8-638] synthesizing module 'proc_sys_reset' [/work/zain/Xilinx/alveo200_100mhzLINUX/alveo200_100mhzLINUX.gen/sources_1/bd/design_1/ipshared/408c/hdl/proc_sys_reset_v5_0_vh_rfs.vhd:1330]
	Parameter INIT bound to: 1'b1 
INFO: [Synth 8-113] binding component instance 'FDRE_inst' to cell 'FDRE' [/work/zain/Xilinx/alveo200_100mhzLINUX/alveo200_100mhzLINUX.gen/sources_1/bd/design_1/ipshared/408c/hdl/proc_sys_reset_v5_0_vh_rfs.vhd:1399]
	Parameter INIT bound to: 1'b1 
INFO: [Synth 8-113] binding component instance 'FDRE_BSR' to cell 'FDRE' [/work/zain/Xilinx/alveo200_100mhzLINUX/alveo200_100mhzLINUX.gen/sources_1/bd/design_1/ipshared/408c/hdl/proc_sys_reset_v5_0_vh_rfs.vhd:1415]
	Parameter INIT bound to: 1'b0 
INFO: [Synth 8-113] binding component instance 'FDRE_BSR_N' to cell 'FDRE' [/work/zain/Xilinx/alveo200_100mhzLINUX/alveo200_100mhzLINUX.gen/sources_1/bd/design_1/ipshared/408c/hdl/proc_sys_reset_v5_0_vh_rfs.vhd:1441]
	Parameter INIT bound to: 1'b1 
INFO: [Synth 8-113] binding component instance 'FDRE_PER' to cell 'FDRE' [/work/zain/Xilinx/alveo200_100mhzLINUX/alveo200_100mhzLINUX.gen/sources_1/bd/design_1/ipshared/408c/hdl/proc_sys_reset_v5_0_vh_rfs.vhd:1464]
	Parameter INIT bound to: 1'b0 
INFO: [Synth 8-113] binding component instance 'FDRE_PER_N' to cell 'FDRE' [/work/zain/Xilinx/alveo200_100mhzLINUX/alveo200_100mhzLINUX.gen/sources_1/bd/design_1/ipshared/408c/hdl/proc_sys_reset_v5_0_vh_rfs.vhd:1488]
INFO: [Synth 8-638] synthesizing module 'lpf' [/work/zain/Xilinx/alveo200_100mhzLINUX/alveo200_100mhzLINUX.gen/sources_1/bd/design_1/ipshared/408c/hdl/proc_sys_reset_v5_0_vh_rfs.vhd:821]
INFO: [Synth 8-3491] module 'SRL16' declared at '/cm/shared/apps/Xilinx/Vivado/2023.2/scripts/rt/data/unisim_comp.v:133847' bound to instance 'POR_SRL_I' of component 'SRL16' [/work/zain/Xilinx/alveo200_100mhzLINUX/alveo200_100mhzLINUX.gen/sources_1/bd/design_1/ipshared/408c/hdl/proc_sys_reset_v5_0_vh_rfs.vhd:873]
INFO: [Synth 8-6157] synthesizing module 'SRL16' [/cm/shared/apps/Xilinx/Vivado/2023.2/scripts/rt/data/unisim_comp.v:133847]
INFO: [Synth 8-6155] done synthesizing module 'SRL16' (0#1) [/cm/shared/apps/Xilinx/Vivado/2023.2/scripts/rt/data/unisim_comp.v:133847]
INFO: [Synth 8-638] synthesizing module 'cdc_sync' [/work/zain/Xilinx/alveo200_100mhzLINUX/alveo200_100mhzLINUX.gen/sources_1/bd/design_1/ipshared/ef1e/hdl/lib_cdc_v1_0_rfs.vhd:106]
	Parameter INIT bound to: 1'b0 
INFO: [Synth 8-113] binding component instance 'CROSS_PLEVEL_IN2SCNDRY_IN_cdc_to' to cell 'FDR' [/work/zain/Xilinx/alveo200_100mhzLINUX/alveo200_100mhzLINUX.gen/sources_1/bd/design_1/ipshared/ef1e/hdl/lib_cdc_v1_0_rfs.vhd:514]
	Parameter INIT bound to: 1'b0 
INFO: [Synth 8-113] binding component instance 'CROSS_PLEVEL_IN2SCNDRY_s_level_out_d2' to cell 'FDR' [/work/zain/Xilinx/alveo200_100mhzLINUX/alveo200_100mhzLINUX.gen/sources_1/bd/design_1/ipshared/ef1e/hdl/lib_cdc_v1_0_rfs.vhd:545]
	Parameter INIT bound to: 1'b0 
INFO: [Synth 8-113] binding component instance 'CROSS_PLEVEL_IN2SCNDRY_s_level_out_d3' to cell 'FDR' [/work/zain/Xilinx/alveo200_100mhzLINUX/alveo200_100mhzLINUX.gen/sources_1/bd/design_1/ipshared/ef1e/hdl/lib_cdc_v1_0_rfs.vhd:554]
	Parameter INIT bound to: 1'b0 
INFO: [Synth 8-113] binding component instance 'CROSS_PLEVEL_IN2SCNDRY_s_level_out_d4' to cell 'FDR' [/work/zain/Xilinx/alveo200_100mhzLINUX/alveo200_100mhzLINUX.gen/sources_1/bd/design_1/ipshared/ef1e/hdl/lib_cdc_v1_0_rfs.vhd:564]
	Parameter INIT bound to: 1'b0 
INFO: [Synth 8-113] binding component instance 'CROSS_PLEVEL_IN2SCNDRY_s_level_out_d5' to cell 'FDR' [/work/zain/Xilinx/alveo200_100mhzLINUX/alveo200_100mhzLINUX.gen/sources_1/bd/design_1/ipshared/ef1e/hdl/lib_cdc_v1_0_rfs.vhd:574]
	Parameter INIT bound to: 1'b0 
INFO: [Synth 8-113] binding component instance 'CROSS_PLEVEL_IN2SCNDRY_s_level_out_d6' to cell 'FDR' [/work/zain/Xilinx/alveo200_100mhzLINUX/alveo200_100mhzLINUX.gen/sources_1/bd/design_1/ipshared/ef1e/hdl/lib_cdc_v1_0_rfs.vhd:584]
INFO: [Synth 8-256] done synthesizing module 'cdc_sync' (0#1) [/work/zain/Xilinx/alveo200_100mhzLINUX/alveo200_100mhzLINUX.gen/sources_1/bd/design_1/ipshared/ef1e/hdl/lib_cdc_v1_0_rfs.vhd:106]
INFO: [Synth 8-256] done synthesizing module 'lpf' (0#1) [/work/zain/Xilinx/alveo200_100mhzLINUX/alveo200_100mhzLINUX.gen/sources_1/bd/design_1/ipshared/408c/hdl/proc_sys_reset_v5_0_vh_rfs.vhd:821]
INFO: [Synth 8-638] synthesizing module 'sequence_psr' [/work/zain/Xilinx/alveo200_100mhzLINUX/alveo200_100mhzLINUX.gen/sources_1/bd/design_1/ipshared/408c/hdl/proc_sys_reset_v5_0_vh_rfs.vhd:304]
INFO: [Synth 8-638] synthesizing module 'upcnt_n' [/work/zain/Xilinx/alveo200_100mhzLINUX/alveo200_100mhzLINUX.gen/sources_1/bd/design_1/ipshared/408c/hdl/proc_sys_reset_v5_0_vh_rfs.vhd:126]
INFO: [Synth 8-256] done synthesizing module 'upcnt_n' (0#1) [/work/zain/Xilinx/alveo200_100mhzLINUX/alveo200_100mhzLINUX.gen/sources_1/bd/design_1/ipshared/408c/hdl/proc_sys_reset_v5_0_vh_rfs.vhd:126]
INFO: [Synth 8-256] done synthesizing module 'sequence_psr' (0#1) [/work/zain/Xilinx/alveo200_100mhzLINUX/alveo200_100mhzLINUX.gen/sources_1/bd/design_1/ipshared/408c/hdl/proc_sys_reset_v5_0_vh_rfs.vhd:304]
INFO: [Synth 8-256] done synthesizing module 'proc_sys_reset' (0#1) [/work/zain/Xilinx/alveo200_100mhzLINUX/alveo200_100mhzLINUX.gen/sources_1/bd/design_1/ipshared/408c/hdl/proc_sys_reset_v5_0_vh_rfs.vhd:1330]
INFO: [Synth 8-256] done synthesizing module 'design_1_rst_ddr4_0_100M_0' (0#1) [/work/zain/Xilinx/alveo200_100mhzLINUX/alveo200_100mhzLINUX.gen/sources_1/bd/design_1/ip/design_1_rst_ddr4_0_100M_0/synth/design_1_rst_ddr4_0_100M_0.vhd:74]
WARNING: [Synth 8-7129] Port prmry_aclk in module cdc_sync is either unconnected or has no load
WARNING: [Synth 8-7129] Port prmry_resetn in module cdc_sync is either unconnected or has no load
WARNING: [Synth 8-7129] Port prmry_vect_in[1] in module cdc_sync is either unconnected or has no load
WARNING: [Synth 8-7129] Port prmry_vect_in[0] in module cdc_sync is either unconnected or has no load
WARNING: [Synth 8-7129] Port scndry_resetn in module cdc_sync is either unconnected or has no load
---------------------------------------------------------------------------------
Finished RTL Elaboration : Time (s): cpu = 00:00:04 ; elapsed = 00:00:04 . Memory (MB): peak = 2899.246 ; gain = 473.684 ; free physical = 453786 ; free virtual = 492207
---------------------------------------------------------------------------------
---------------------------------------------------------------------------------
Start Handling Custom Attributes
---------------------------------------------------------------------------------
---------------------------------------------------------------------------------
Finished Handling Custom Attributes : Time (s): cpu = 00:00:04 ; elapsed = 00:00:04 . Memory (MB): peak = 2908.152 ; gain = 482.590 ; free physical = 453753 ; free virtual = 492175
---------------------------------------------------------------------------------
---------------------------------------------------------------------------------
Finished RTL Optimization Phase 1 : Time (s): cpu = 00:00:04 ; elapsed = 00:00:04 . Memory (MB): peak = 2908.152 ; gain = 482.590 ; free physical = 453753 ; free virtual = 492175
---------------------------------------------------------------------------------
Netlist sorting complete. Time (s): cpu = 00:00:00 ; elapsed = 00:00:00 . Memory (MB): peak = 2922.090 ; gain = 0.000 ; free physical = 453665 ; free virtual = 492089
INFO: [Netlist 29-17] Analyzing 13 Unisim elements for replacement
INFO: [Netlist 29-28] Unisim Transformation completed in 0 CPU seconds
INFO: [Project 1-570] Preparing netlist for logic optimization

Processing XDC Constraints
Initializing timing engine
Parsing XDC File [/work/zain/Xilinx/alveo200_100mhzLINUX/alveo200_100mhzLINUX.gen/sources_1/bd/design_1/ip/design_1_rst_ddr4_0_100M_0/design_1_rst_ddr4_0_100M_0_ooc.xdc] for cell 'U0'
Finished Parsing XDC File [/work/zain/Xilinx/alveo200_100mhzLINUX/alveo200_100mhzLINUX.gen/sources_1/bd/design_1/ip/design_1_rst_ddr4_0_100M_0/design_1_rst_ddr4_0_100M_0_ooc.xdc] for cell 'U0'
Parsing XDC File [/work/zain/Xilinx/alveo200_100mhzLINUX/alveo200_100mhzLINUX.gen/sources_1/bd/design_1/ip/design_1_rst_ddr4_0_100M_0/design_1_rst_ddr4_0_100M_0_board.xdc] for cell 'U0'
Finished Parsing XDC File [/work/zain/Xilinx/alveo200_100mhzLINUX/alveo200_100mhzLINUX.gen/sources_1/bd/design_1/ip/design_1_rst_ddr4_0_100M_0/design_1_rst_ddr4_0_100M_0_board.xdc] for cell 'U0'
Parsing XDC File [/work/zain/Xilinx/alveo200_100mhzLINUX/alveo200_100mhzLINUX.gen/sources_1/bd/design_1/ip/design_1_rst_ddr4_0_100M_0/design_1_rst_ddr4_0_100M_0.xdc] for cell 'U0'
Finished Parsing XDC File [/work/zain/Xilinx/alveo200_100mhzLINUX/alveo200_100mhzLINUX.gen/sources_1/bd/design_1/ip/design_1_rst_ddr4_0_100M_0/design_1_rst_ddr4_0_100M_0.xdc] for cell 'U0'
INFO: [Project 1-236] Implementation specific constraints were found while reading constraint file [/work/zain/Xilinx/alveo200_100mhzLINUX/alveo200_100mhzLINUX.gen/sources_1/bd/design_1/ip/design_1_rst_ddr4_0_100M_0/design_1_rst_ddr4_0_100M_0.xdc]. These constraints will be ignored for synthesis but will be used in implementation. Impacted constraints are listed in the file [.Xil/design_1_rst_ddr4_0_100M_0_propImpl.xdc].
Resolution: To avoid this warning, move constraints listed in [.Xil/design_1_rst_ddr4_0_100M_0_propImpl.xdc] to another XDC file and exclude this new file from synthesis with the used_in_synthesis property (File Properties dialog in GUI) and re-run elaboration/synthesis.
Parsing XDC File [/work/zain/Xilinx/alveo200_100mhzLINUX/alveo200_100mhzLINUX.runs/design_1_rst_ddr4_0_100M_0_synth_1/dont_touch.xdc]
Finished Parsing XDC File [/work/zain/Xilinx/alveo200_100mhzLINUX/alveo200_100mhzLINUX.runs/design_1_rst_ddr4_0_100M_0_synth_1/dont_touch.xdc]
Completed Processing XDC Constraints

Netlist sorting complete. Time (s): cpu = 00:00:00 ; elapsed = 00:00:00 . Memory (MB): peak = 3034.809 ; gain = 0.000 ; free physical = 452133 ; free virtual = 490559
INFO: [Project 1-111] Unisim Transformation Summary:
  A total of 13 instances were transformed.
  FDR => FDRE: 12 instances
  SRL16 => SRL16E: 1 instance 

Constraint Validation Runtime : Time (s): cpu = 00:00:00.01 ; elapsed = 00:00:00.01 . Memory (MB): peak = 3034.844 ; gain = 0.000 ; free physical = 452102 ; free virtual = 490530
INFO: [Designutils 20-5008] Incremental synthesis strategy off
---------------------------------------------------------------------------------
Finished Constraint Validation : Time (s): cpu = 00:00:11 ; elapsed = 00:00:12 . Memory (MB): peak = 3034.844 ; gain = 609.281 ; free physical = 451659 ; free virtual = 490120
---------------------------------------------------------------------------------
---------------------------------------------------------------------------------
Start Loading Part and Timing Information
---------------------------------------------------------------------------------
Loading part: xcu200-fsgd2104-2-e
INFO: [Synth 8-6742] Reading net delay rules and data
---------------------------------------------------------------------------------
Finished Loading Part and Timing Information : Time (s): cpu = 00:00:11 ; elapsed = 00:00:12 . Memory (MB): peak = 3034.844 ; gain = 609.281 ; free physical = 451659 ; free virtual = 490120
---------------------------------------------------------------------------------
---------------------------------------------------------------------------------
Start Applying 'set_property' XDC Constraints
---------------------------------------------------------------------------------
Applied set_property KEEP_HIERARCHY = SOFT for U0. (constraint file  /work/zain/Xilinx/alveo200_100mhzLINUX/alveo200_100mhzLINUX.runs/design_1_rst_ddr4_0_100M_0_synth_1/dont_touch.xdc, line 9).
---------------------------------------------------------------------------------
Finished applying 'set_property' XDC Constraints : Time (s): cpu = 00:00:11 ; elapsed = 00:00:12 . Memory (MB): peak = 3034.844 ; gain = 609.281 ; free physical = 451658 ; free virtual = 490120
---------------------------------------------------------------------------------
---------------------------------------------------------------------------------
Finished RTL Optimization Phase 2 : Time (s): cpu = 00:00:12 ; elapsed = 00:00:12 . Memory (MB): peak = 3034.844 ; gain = 609.281 ; free physical = 451654 ; free virtual = 490095
---------------------------------------------------------------------------------
---------------------------------------------------------------------------------
Start RTL Component Statistics 
---------------------------------------------------------------------------------
Detailed RTL Component Info : 
+---Adders : 
	   2 Input    6 Bit       Adders := 1     
+---Registers : 
	                6 Bit    Registers := 1     
	                3 Bit    Registers := 3     
	                1 Bit    Registers := 8     
+---Muxes : 
	   2 Input    6 Bit        Muxes := 1     
	   2 Input    1 Bit        Muxes := 1     
---------------------------------------------------------------------------------
Finished RTL Component Statistics 
---------------------------------------------------------------------------------
---------------------------------------------------------------------------------
Start Part Resource Summary
---------------------------------------------------------------------------------
Part Resources:
DSPs: 6840 (col length:120)
BRAMs: 4320 (col length: RAMB18 360 RAMB36 180)
---------------------------------------------------------------------------------
Finished Part Resource Summary
---------------------------------------------------------------------------------
---------------------------------------------------------------------------------
Start Cross Boundary and Area Optimization
---------------------------------------------------------------------------------
WARNING: [Synth 8-7080] Parallel synthesis criteria is not met
WARNING: [Synth 8-3332] Sequential element (EXT_LPF/ACTIVE_HIGH_EXT.ACT_HI_EXT/GENERATE_LEVEL_P_S_CDC.SINGLE_BIT.CROSS_PLEVEL_IN2SCNDRY_s_level_out_d5) is unused and will be removed from module proc_sys_reset.
WARNING: [Synth 8-3332] Sequential element (EXT_LPF/ACTIVE_HIGH_EXT.ACT_HI_EXT/GENERATE_LEVEL_P_S_CDC.SINGLE_BIT.CROSS_PLEVEL_IN2SCNDRY_s_level_out_d6) is unused and will be removed from module proc_sys_reset.
WARNING: [Synth 8-3332] Sequential element (EXT_LPF/ACTIVE_LOW_AUX.ACT_LO_AUX/GENERATE_LEVEL_P_S_CDC.SINGLE_BIT.CROSS_PLEVEL_IN2SCNDRY_s_level_out_d5) is unused and will be removed from module proc_sys_reset.
WARNING: [Synth 8-3332] Sequential element (EXT_LPF/ACTIVE_LOW_AUX.ACT_LO_AUX/GENERATE_LEVEL_P_S_CDC.SINGLE_BIT.CROSS_PLEVEL_IN2SCNDRY_s_level_out_d6) is unused and will be removed from module proc_sys_reset.
---------------------------------------------------------------------------------
Finished Cross Boundary and Area Optimization : Time (s): cpu = 00:00:12 ; elapsed = 00:00:13 . Memory (MB): peak = 3034.844 ; gain = 609.281 ; free physical = 451535 ; free virtual = 489978
---------------------------------------------------------------------------------
---------------------------------------------------------------------------------
Start Applying XDC Timing Constraints
---------------------------------------------------------------------------------
---------------------------------------------------------------------------------
Finished Applying XDC Timing Constraints : Time (s): cpu = 00:00:17 ; elapsed = 00:00:18 . Memory (MB): peak = 3263.652 ; gain = 838.090 ; free physical = 449904 ; free virtual = 488350
---------------------------------------------------------------------------------
---------------------------------------------------------------------------------
Start Timing Optimization
---------------------------------------------------------------------------------
---------------------------------------------------------------------------------
Finished Timing Optimization : Time (s): cpu = 00:00:17 ; elapsed = 00:00:18 . Memory (MB): peak = 3263.652 ; gain = 838.090 ; free physical = 449901 ; free virtual = 488347
---------------------------------------------------------------------------------
---------------------------------------------------------------------------------
Start Technology Mapping
---------------------------------------------------------------------------------
---------------------------------------------------------------------------------
Finished Technology Mapping : Time (s): cpu = 00:00:17 ; elapsed = 00:00:18 . Memory (MB): peak = 3292.699 ; gain = 867.137 ; free physical = 449857 ; free virtual = 488303
---------------------------------------------------------------------------------
---------------------------------------------------------------------------------
Start IO Insertion
---------------------------------------------------------------------------------
---------------------------------------------------------------------------------
Start Flattening Before IO Insertion
---------------------------------------------------------------------------------
---------------------------------------------------------------------------------
Finished Flattening Before IO Insertion
---------------------------------------------------------------------------------
---------------------------------------------------------------------------------
Start Final Netlist Cleanup
---------------------------------------------------------------------------------
---------------------------------------------------------------------------------
Finished Final Netlist Cleanup
---------------------------------------------------------------------------------
---------------------------------------------------------------------------------
Finished IO Insertion : Time (s): cpu = 00:00:20 ; elapsed = 00:00:21 . Memory (MB): peak = 3292.699 ; gain = 867.137 ; free physical = 448885 ; free virtual = 487331
---------------------------------------------------------------------------------
---------------------------------------------------------------------------------
Start Renaming Generated Instances
---------------------------------------------------------------------------------
---------------------------------------------------------------------------------
Finished Renaming Generated Instances : Time (s): cpu = 00:00:20 ; elapsed = 00:00:21 . Memory (MB): peak = 3292.699 ; gain = 867.137 ; free physical = 448884 ; free virtual = 487331
---------------------------------------------------------------------------------
---------------------------------------------------------------------------------
Start Rebuilding User Hierarchy
---------------------------------------------------------------------------------
---------------------------------------------------------------------------------
Finished Rebuilding User Hierarchy : Time (s): cpu = 00:00:20 ; elapsed = 00:00:21 . Memory (MB): peak = 3292.699 ; gain = 867.137 ; free physical = 448883 ; free virtual = 487329
---------------------------------------------------------------------------------
---------------------------------------------------------------------------------
Start Renaming Generated Ports
---------------------------------------------------------------------------------
---------------------------------------------------------------------------------
Finished Renaming Generated Ports : Time (s): cpu = 00:00:20 ; elapsed = 00:00:21 . Memory (MB): peak = 3292.699 ; gain = 867.137 ; free physical = 448882 ; free virtual = 487329
---------------------------------------------------------------------------------
---------------------------------------------------------------------------------
Start Handling Custom Attributes
---------------------------------------------------------------------------------
---------------------------------------------------------------------------------
Finished Handling Custom Attributes : Time (s): cpu = 00:00:20 ; elapsed = 00:00:21 . Memory (MB): peak = 3292.699 ; gain = 867.137 ; free physical = 448882 ; free virtual = 487329
---------------------------------------------------------------------------------
---------------------------------------------------------------------------------
Start Renaming Generated Nets
---------------------------------------------------------------------------------
---------------------------------------------------------------------------------
Finished Renaming Generated Nets : Time (s): cpu = 00:00:20 ; elapsed = 00:00:21 . Memory (MB): peak = 3292.699 ; gain = 867.137 ; free physical = 448882 ; free virtual = 487329
---------------------------------------------------------------------------------
---------------------------------------------------------------------------------
Start Writing Synthesis Report
---------------------------------------------------------------------------------

Report BlackBoxes: 
+-+--------------+----------+
| |BlackBox name |Instances |
+-+--------------+----------+
+-+--------------+----------+

Report Cell Usage: 
+------+------+------+
|      |Cell  |Count |
+------+------+------+
|1     |LUT1  |     5|
|2     |LUT2  |     9|
|3     |LUT3  |     1|
|4     |LUT4  |     6|
|5     |LUT5  |     3|
|6     |LUT6  |     1|
|7     |SRL16 |     1|
|8     |FDR   |     8|
|9     |FDRE  |    28|
|10    |FDSE  |     4|
+------+------+------+
---------------------------------------------------------------------------------
Finished Writing Synthesis Report : Time (s): cpu = 00:00:20 ; elapsed = 00:00:21 . Memory (MB): peak = 3292.699 ; gain = 867.137 ; free physical = 448882 ; free virtual = 487329
---------------------------------------------------------------------------------
Synthesis finished with 0 errors, 0 critical warnings and 5 warnings.
Synthesis Optimization Runtime : Time (s): cpu = 00:00:16 ; elapsed = 00:00:17 . Memory (MB): peak = 3292.699 ; gain = 740.445 ; free physical = 449128 ; free virtual = 487574
Synthesis Optimization Complete : Time (s): cpu = 00:00:20 ; elapsed = 00:00:21 . Memory (MB): peak = 3292.707 ; gain = 867.137 ; free physical = 449128 ; free virtual = 487574
INFO: [Project 1-571] Translating synthesized netlist
Netlist sorting complete. Time (s): cpu = 00:00:00 ; elapsed = 00:00:00 . Memory (MB): peak = 3292.707 ; gain = 0.000 ; free physical = 449127 ; free virtual = 487574
INFO: [Netlist 29-17] Analyzing 9 Unisim elements for replacement
INFO: [Netlist 29-28] Unisim Transformation completed in 0 CPU seconds
INFO: [Project 1-570] Preparing netlist for logic optimization
INFO: [Opt 31-138] Pushed 0 inverter(s) to 0 load pin(s).
Netlist sorting complete. Time (s): cpu = 00:00:00 ; elapsed = 00:00:00 . Memory (MB): peak = 3360.863 ; gain = 0.000 ; free physical = 449278 ; free virtual = 487724
INFO: [Project 1-111] Unisim Transformation Summary:
  A total of 9 instances were transformed.
  FDR => FDRE: 8 instances
  SRL16 => SRL16E: 1 instance 

Synth Design complete | Checksum: 83bdaa33
INFO: [Common 17-83] Releasing license: Synthesis
47 Infos, 12 Warnings, 0 Critical Warnings and 0 Errors encountered.
synth_design completed successfully
synth_design: Time (s): cpu = 00:00:28 ; elapsed = 00:00:27 . Memory (MB): peak = 3360.898 ; gain = 1976.398 ; free physical = 449522 ; free virtual = 487968
INFO: [Common 17-2834] synth_design peak Physical Memory [PSS] (MB): overall = 2670.104; main = 2429.375; forked = 296.629
INFO: [Common 17-2834] synth_design peak Virtual Memory [VSS] (MB): overall = 4258.312; main = 3360.867; forked = 965.609
Write ShapeDB Complete: Time (s): cpu = 00:00:00 ; elapsed = 00:00:00 . Memory (MB): peak = 3366.875 ; gain = 0.000 ; free physical = 449762 ; free virtual = 488209
INFO: [Common 17-1381] The checkpoint '/work/zain/Xilinx/alveo200_100mhzLINUX/alveo200_100mhzLINUX.runs/design_1_rst_ddr4_0_100M_0_synth_1/design_1_rst_ddr4_0_100M_0.dcp' has been generated.
INFO: [Coretcl 2-1648] Added synthesis output to IP cache for IP design_1_rst_ddr4_0_100M_0, cache-ID = 0a7a3fb0864b69da
INFO: [Coretcl 2-1174] Renamed 6 cell refs.
Write ShapeDB Complete: Time (s): cpu = 00:00:00 ; elapsed = 00:00:00 . Memory (MB): peak = 3366.875 ; gain = 0.000 ; free physical = 449432 ; free virtual = 487879
INFO: [Common 17-1381] The checkpoint '/work/zain/Xilinx/alveo200_100mhzLINUX/alveo200_100mhzLINUX.runs/design_1_rst_ddr4_0_100M_0_synth_1/design_1_rst_ddr4_0_100M_0.dcp' has been generated.
INFO: [runtcl-4] Executing : report_utilization -file design_1_rst_ddr4_0_100M_0_utilization_synth.rpt -pb design_1_rst_ddr4_0_100M_0_utilization_synth.pb
INFO: [Common 17-206] Exiting Vivado at Wed Feb 28 13:46:46 2024...
