Copyright 1986-2022 Xilinx, Inc. All Rights Reserved. Copyright 2022-2024 Advanced Micro Devices, Inc. All Rights Reserved.
----------------------------------------------------------------------------------------------------------------------------------------------------------------------
| Tool Version     : Vivado v.2023.2.2 (lin64) Build 4126759 Thu Feb  8 23:52:05 MST 2024
| Date             : Wed Feb 28 17:36:08 2024
| Host             : n019 running 64-bit Ubuntu 22.04.3 LTS
| Command          : report_power -file design_1_wrapper_power_routed.rpt -pb design_1_wrapper_power_summary_routed.pb -rpx design_1_wrapper_power_routed.rpx
| Design           : design_1_wrapper
| Device           : xcu200-fsgd2104-2-e
| Design State     : routed
| Grade            : extended
| Process          : typical
| Characterization : Production
----------------------------------------------------------------------------------------------------------------------------------------------------------------------

Power Report

Table of Contents
-----------------
1. Summary
1.1 On-Chip Components
1.2 Power Supply Summary
1.3 Confidence Level
2. Settings
2.1 Environment
2.2 Clock Constraints
3. Detailed Reports
3.1 By Hierarchy

1. Summary
----------

+--------------------------+--------------+
| Total On-Chip Power (W)  | 9.099        |
| Design Power Budget (W)  | Unspecified* |
| Power Budget Margin (W)  | NA           |
| Dynamic (W)              | 6.477        |
| Device Static (W)        | 2.622        |
| Effective TJA (C/W)      | 0.5          |
| Max Ambient (C)          | 95.3         |
| Junction Temperature (C) | 29.7         |
| Confidence Level         | Low          |
| Setting File             | ---          |
| Simulation Activity File | ---          |
| Design Nets Matched      | NA           |
+--------------------------+--------------+
* Specify Design Power Budget using, set_operating_conditions -design_power_budget <value in Watts>


1.1 On-Chip Components
----------------------

+--------------------------+-----------+----------+-----------+-----------------+
| On-Chip                  | Power (W) | Used     | Available | Utilization (%) |
+--------------------------+-----------+----------+-----------+-----------------+
| Clocks                   |     0.681 |       46 |       --- |             --- |
| CLB Logic                |     0.642 |   182489 |       --- |             --- |
|   LUT as Distributed RAM |     0.323 |     7757 |    591840 |            1.31 |
|   LUT as Logic           |     0.275 |    60605 |   1182240 |            5.13 |
|   Register               |     0.033 |    81736 |   2364480 |            3.46 |
|   LUT as Shift Register  |     0.006 |      940 |    591840 |            0.16 |
|   CARRY8                 |     0.005 |     1196 |    147780 |            0.81 |
|   Others                 |    <0.001 |     4364 |       --- |             --- |
|   F7/F8 Muxes            |     0.000 |     1793 |   1182240 |            0.15 |
|   BUFG                   |     0.000 |        1 |       240 |            0.42 |
| Signals                  |     0.610 |   160173 |       --- |             --- |
| Block RAM                |     0.695 |    162.5 |      2160 |            7.52 |
| MMCM                     |     0.115 |        0 |       --- |             --- |
| PLL                      |     0.178 |        3 |       --- |             --- |
| DSPs                     |     0.002 |        7 |      6840 |            0.10 |
| I/O                      |     0.838 |      147 |       676 |           21.75 |
| GTY                      |     2.406 |        8 |        24 |           33.33 |
| Hard IPs                 |     0.309 |        1 |       --- |             --- |
|   PCIE                   |     0.309 |        1 |       --- |             --- |
| Static Power             |     2.622 |          |           |                 |
| Total                    |     9.099 |          |           |                 |
+--------------------------+-----------+----------+-----------+-----------------+


1.2 Power Supply Summary
------------------------

+------------+-------------+-----------+-------------+------------+-------------+-------------+------------+
| Source     | Voltage (V) | Total (A) | Dynamic (A) | Static (A) | Powerup (A) | Budget (A)  | Margin (A) |
+------------+-------------+-----------+-------------+------------+-------------+-------------+------------+
| Vccint     |       0.850 |     4.666 |       3.737 |      0.929 |       NA    | Unspecified | NA         |
| Vccint_io  |       0.850 |     0.693 |       0.427 |      0.266 |       NA    | Unspecified | NA         |
| Vccbram    |       0.850 |     0.097 |       0.079 |      0.017 |       NA    | Unspecified | NA         |
| Vccaux     |       1.800 |     0.801 |       0.159 |      0.642 |       NA    | Unspecified | NA         |
| Vccaux_io  |       1.800 |     0.359 |       0.174 |      0.185 |       NA    | Unspecified | NA         |
| Vcco33     |       3.300 |     0.000 |       0.000 |      0.000 |       NA    | Unspecified | NA         |
| Vcco25     |       2.500 |     0.000 |       0.000 |      0.000 |       NA    | Unspecified | NA         |
| Vcco18     |       1.800 |     0.000 |       0.000 |      0.000 |       NA    | Unspecified | NA         |
| Vcco15     |       1.500 |     0.000 |       0.000 |      0.000 |       NA    | Unspecified | NA         |
| Vcco135    |       1.350 |     0.000 |       0.000 |      0.000 |       NA    | Unspecified | NA         |
| Vcco12     |       1.200 |     0.136 |       0.136 |      0.000 |       NA    | Unspecified | NA         |
| Vcco10     |       1.000 |     0.000 |       0.000 |      0.000 |       NA    | Unspecified | NA         |
| Vccadc     |       1.800 |     0.024 |       0.000 |      0.024 |       NA    | Unspecified | NA         |
| MGTYAVcc   |       0.900 |     0.451 |       0.413 |      0.038 |       NA    | Unspecified | NA         |
| MGTYAVtt   |       1.200 |     1.396 |       1.378 |      0.018 |       NA    | Unspecified | NA         |
| MGTYVccaux |       1.800 |     0.049 |       0.047 |      0.002 |       NA    | Unspecified | NA         |
+------------+-------------+-----------+-------------+------------+-------------+-------------+------------+


1.3 Confidence Level
--------------------

+-----------------------------+------------+--------------------------------------------------------+------------------------------------------------------------------------------------------------------------+
| User Input Data             | Confidence | Details                                                | Action                                                                                                     |
+-----------------------------+------------+--------------------------------------------------------+------------------------------------------------------------------------------------------------------------+
| Design implementation state | High       | Design is routed                                       |                                                                                                            |
| Clock nodes activity        | High       | User specified more than 95% of clocks                 |                                                                                                            |
| I/O nodes activity          | Low        | More than 75% of inputs are missing user specification | Provide missing input activity with simulation results or by editing the "By Resource Type -> I/Os" view   |
| Internal nodes activity     | Medium     | User specified less than 25% of internal nodes         | Provide missing internal nodes activity with simulation results or by editing the "By Resource Type" views |
| Device models               | High       | Device models are Production                           |                                                                                                            |
|                             |            |                                                        |                                                                                                            |
| Overall confidence level    | Low        |                                                        |                                                                                                            |
+-----------------------------+------------+--------------------------------------------------------+------------------------------------------------------------------------------------------------------------+


2. Settings
-----------

2.1 Environment
---------------

+-----------------------+--------------------------+
| Ambient Temp (C)      | 25.0                     |
| ThetaJA (C/W)         | 0.5                      |
| Airflow (LFM)         | 250                      |
| Heat Sink             | medium (Medium Profile)  |
| ThetaSA (C/W)         | 0.7                      |
| Board Selection       | medium (10"x10")         |
| # of Board Layers     | 12to15 (12 to 15 Layers) |
| Board Temperature (C) | 25.0                     |
+-----------------------+--------------------------+


2.2 Clock Constraints
---------------------

+-----------------------------------------------------------------------------------------------------------------------------------------------------------------------------------------------------------------------------------------------------------------------------------------------------------------------------------------------------------------------------------------------------------------------------------------------------------+--------------------------------------------------------------------------------------------------------------------------------------------------------------------------------------------------------------------------------------------------------------------------------------------------------------------------------------------------------------------------------------------------------------------------------------------+-----------------+
| Clock                                                                                                                                                                                                                                                                                                                                                                                                                                                     | Domain                                                                                                                                                                                                                                                                                                                                                                                                                                     | Constraint (ns) |
+-----------------------------------------------------------------------------------------------------------------------------------------------------------------------------------------------------------------------------------------------------------------------------------------------------------------------------------------------------------------------------------------------------------------------------------------------------------+--------------------------------------------------------------------------------------------------------------------------------------------------------------------------------------------------------------------------------------------------------------------------------------------------------------------------------------------------------------------------------------------------------------------------------------------+-----------------+
| GTYE4_CHANNEL_TXOUTCLK[0]                                                                                                                                                                                                                                                                                                                                                                                                                                 | design_1_i/xdma_0/inst/pcie4_ip_i/inst/design_1_xdma_0_1_pcie4_ip_gt_top_i/diablo_gt.diablo_gt_phy_wrapper/gt_wizard.gtwizard_top_i/design_1_xdma_0_1_pcie4_ip_gt_i/inst/gen_gtwizard_gtye4_top.design_1_xdma_0_1_pcie4_ip_gt_gtwizard_gtye4_inst/gen_gtwizard_gtye4.gen_channel_container[31].gen_enabled_channel.gtye4_channel_wrapper_inst/channel_inst/GTYE4_CHANNEL_TXOUTCLK[0]                                                       |             2.0 |
| GTYE4_CHANNEL_TXOUTCLK[0]_1                                                                                                                                                                                                                                                                                                                                                                                                                               | design_1_i/xdma_0/inst/pcie4_ip_i/inst/design_1_xdma_0_1_pcie4_ip_gt_top_i/diablo_gt.diablo_gt_phy_wrapper/gt_wizard.gtwizard_top_i/design_1_xdma_0_1_pcie4_ip_gt_i/inst/gen_gtwizard_gtye4_top.design_1_xdma_0_1_pcie4_ip_gt_gtwizard_gtye4_inst/gen_gtwizard_gtye4.gen_channel_container[32].gen_enabled_channel.gtye4_channel_wrapper_inst/channel_inst/GTYE4_CHANNEL_TXOUTCLK[0]                                                       |             2.0 |
| GTYE4_CHANNEL_TXOUTCLK[1]                                                                                                                                                                                                                                                                                                                                                                                                                                 | design_1_i/xdma_0/inst/pcie4_ip_i/inst/design_1_xdma_0_1_pcie4_ip_gt_top_i/diablo_gt.diablo_gt_phy_wrapper/gt_wizard.gtwizard_top_i/design_1_xdma_0_1_pcie4_ip_gt_i/inst/gen_gtwizard_gtye4_top.design_1_xdma_0_1_pcie4_ip_gt_gtwizard_gtye4_inst/gen_gtwizard_gtye4.gen_channel_container[31].gen_enabled_channel.gtye4_channel_wrapper_inst/channel_inst/GTYE4_CHANNEL_TXOUTCLK[1]                                                       |             2.0 |
| GTYE4_CHANNEL_TXOUTCLK[1]_1                                                                                                                                                                                                                                                                                                                                                                                                                               | design_1_i/xdma_0/inst/pcie4_ip_i/inst/design_1_xdma_0_1_pcie4_ip_gt_top_i/diablo_gt.diablo_gt_phy_wrapper/gt_wizard.gtwizard_top_i/design_1_xdma_0_1_pcie4_ip_gt_i/inst/gen_gtwizard_gtye4_top.design_1_xdma_0_1_pcie4_ip_gt_gtwizard_gtye4_inst/gen_gtwizard_gtye4.gen_channel_container[32].gen_enabled_channel.gtye4_channel_wrapper_inst/channel_inst/GTYE4_CHANNEL_TXOUTCLK[1]                                                       |             2.0 |
| GTYE4_CHANNEL_TXOUTCLK[2]                                                                                                                                                                                                                                                                                                                                                                                                                                 | design_1_i/xdma_0/inst/pcie4_ip_i/inst/design_1_xdma_0_1_pcie4_ip_gt_top_i/diablo_gt.diablo_gt_phy_wrapper/gt_wizard.gtwizard_top_i/design_1_xdma_0_1_pcie4_ip_gt_i/inst/gen_gtwizard_gtye4_top.design_1_xdma_0_1_pcie4_ip_gt_gtwizard_gtye4_inst/gen_gtwizard_gtye4.gen_channel_container[31].gen_enabled_channel.gtye4_channel_wrapper_inst/channel_inst/GTYE4_CHANNEL_TXOUTCLK[2]                                                       |             2.0 |
| GTYE4_CHANNEL_TXOUTCLK[2]_1                                                                                                                                                                                                                                                                                                                                                                                                                               | design_1_i/xdma_0/inst/pcie4_ip_i/inst/design_1_xdma_0_1_pcie4_ip_gt_top_i/diablo_gt.diablo_gt_phy_wrapper/gt_wizard.gtwizard_top_i/design_1_xdma_0_1_pcie4_ip_gt_i/inst/gen_gtwizard_gtye4_top.design_1_xdma_0_1_pcie4_ip_gt_gtwizard_gtye4_inst/gen_gtwizard_gtye4.gen_channel_container[32].gen_enabled_channel.gtye4_channel_wrapper_inst/channel_inst/GTYE4_CHANNEL_TXOUTCLK[2]                                                       |             2.0 |
| GTYE4_CHANNEL_TXOUTCLK[3]                                                                                                                                                                                                                                                                                                                                                                                                                                 | design_1_i/xdma_0/inst/pcie4_ip_i/inst/design_1_xdma_0_1_pcie4_ip_gt_top_i/diablo_gt.diablo_gt_phy_wrapper/gt_wizard.gtwizard_top_i/design_1_xdma_0_1_pcie4_ip_gt_i/inst/gen_gtwizard_gtye4_top.design_1_xdma_0_1_pcie4_ip_gt_gtwizard_gtye4_inst/gen_gtwizard_gtye4.gen_channel_container[31].gen_enabled_channel.gtye4_channel_wrapper_inst/channel_inst/GTYE4_CHANNEL_TXOUTCLK[3]                                                       |             2.0 |
| GTYE4_CHANNEL_TXOUTCLK[3]_1                                                                                                                                                                                                                                                                                                                                                                                                                               | design_1_i/xdma_0/inst/pcie4_ip_i/inst/design_1_xdma_0_1_pcie4_ip_gt_top_i/diablo_gt.diablo_gt_phy_wrapper/gt_wizard.gtwizard_top_i/design_1_xdma_0_1_pcie4_ip_gt_i/inst/gen_gtwizard_gtye4_top.design_1_xdma_0_1_pcie4_ip_gt_gtwizard_gtye4_inst/gen_gtwizard_gtye4.gen_channel_container[32].gen_enabled_channel.gtye4_channel_wrapper_inst/channel_inst/GTYE4_CHANNEL_TXOUTCLK[3]                                                       |             2.0 |
| dbg_hub/inst/BSCANID.u_xsdbm_id/SWITCH_N_EXT_BSCAN.bscan_inst/SERIES7_BSCAN.bscan_inst/INTERNAL_TCK                                                                                                                                                                                                                                                                                                                                                       | dbg_hub/inst/BSCANID.u_xsdbm_id/SWITCH_N_EXT_BSCAN.bscan_inst/DRCK                                                                                                                                                                                                                                                                                                                                                                         |            50.0 |
| default_300mhz_clk0_clk_p                                                                                                                                                                                                                                                                                                                                                                                                                                 | default_300mhz_clk0_clk_p                                                                                                                                                                                                                                                                                                                                                                                                                  |             3.3 |
| design_1_i/mdm_1/U0/Use_E2.BSCAN_I/Use_E2.BSCANE2_I/DRCK                                                                                                                                                                                                                                                                                                                                                                                                  | design_1_i/mdm_1/U0/Use_E2.BSCAN_I/DRCK                                                                                                                                                                                                                                                                                                                                                                                                    |            33.3 |
| design_1_i/mdm_1/U0/Use_E2.BSCAN_I/Use_E2.BSCANE2_I/UPDATE                                                                                                                                                                                                                                                                                                                                                                                                | design_1_i/mdm_1/U0/Use_E2.BSCAN_I/Dbg_Update_0                                                                                                                                                                                                                                                                                                                                                                                            |            66.7 |
| design_1_i/xdma_0/inst/pcie4_ip_i/inst/design_1_xdma_0_1_pcie4_ip_gt_top_i/diablo_gt.diablo_gt_phy_wrapper/gt_wizard.gtwizard_top_i/design_1_xdma_0_1_pcie4_ip_gt_i/inst/gen_gtwizard_gtye4_top.design_1_xdma_0_1_pcie4_ip_gt_gtwizard_gtye4_inst/gen_gtwizard_gtye4.gen_cpll_cal_gtye4.gen_cpll_cal_inst[0].gen_inst_cpll_cal.gtwizard_ultrascale_v1_7_17_gtye4_cpll_cal_inst/gtwizard_ultrascale_v1_7_17_gtye4_cpll_cal_tx_i/bufg_gt_txoutclkmon_inst/O | design_1_i/xdma_0/inst/pcie4_ip_i/inst/design_1_xdma_0_1_pcie4_ip_gt_top_i/diablo_gt.diablo_gt_phy_wrapper/gt_wizard.gtwizard_top_i/design_1_xdma_0_1_pcie4_ip_gt_i/inst/gen_gtwizard_gtye4_top.design_1_xdma_0_1_pcie4_ip_gt_gtwizard_gtye4_inst/gen_gtwizard_gtye4.gen_cpll_cal_gtye4.gen_cpll_cal_inst[0].gen_inst_cpll_cal.gtwizard_ultrascale_v1_7_17_gtye4_cpll_cal_inst/gtwizard_ultrascale_v1_7_17_gtye4_cpll_cal_tx_i/txoutclkmon |             8.0 |
| design_1_i/xdma_0/inst/pcie4_ip_i/inst/design_1_xdma_0_1_pcie4_ip_gt_top_i/diablo_gt.diablo_gt_phy_wrapper/gt_wizard.gtwizard_top_i/design_1_xdma_0_1_pcie4_ip_gt_i/inst/gen_gtwizard_gtye4_top.design_1_xdma_0_1_pcie4_ip_gt_gtwizard_gtye4_inst/gen_gtwizard_gtye4.gen_cpll_cal_gtye4.gen_cpll_cal_inst[1].gen_inst_cpll_cal.gtwizard_ultrascale_v1_7_17_gtye4_cpll_cal_inst/gtwizard_ultrascale_v1_7_17_gtye4_cpll_cal_tx_i/bufg_gt_txoutclkmon_inst/O | design_1_i/xdma_0/inst/pcie4_ip_i/inst/design_1_xdma_0_1_pcie4_ip_gt_top_i/diablo_gt.diablo_gt_phy_wrapper/gt_wizard.gtwizard_top_i/design_1_xdma_0_1_pcie4_ip_gt_i/inst/gen_gtwizard_gtye4_top.design_1_xdma_0_1_pcie4_ip_gt_gtwizard_gtye4_inst/gen_gtwizard_gtye4.gen_cpll_cal_gtye4.gen_cpll_cal_inst[1].gen_inst_cpll_cal.gtwizard_ultrascale_v1_7_17_gtye4_cpll_cal_inst/gtwizard_ultrascale_v1_7_17_gtye4_cpll_cal_tx_i/txoutclkmon |             8.0 |
| design_1_i/xdma_0/inst/pcie4_ip_i/inst/design_1_xdma_0_1_pcie4_ip_gt_top_i/diablo_gt.diablo_gt_phy_wrapper/gt_wizard.gtwizard_top_i/design_1_xdma_0_1_pcie4_ip_gt_i/inst/gen_gtwizard_gtye4_top.design_1_xdma_0_1_pcie4_ip_gt_gtwizard_gtye4_inst/gen_gtwizard_gtye4.gen_cpll_cal_gtye4.gen_cpll_cal_inst[2].gen_inst_cpll_cal.gtwizard_ultrascale_v1_7_17_gtye4_cpll_cal_inst/gtwizard_ultrascale_v1_7_17_gtye4_cpll_cal_tx_i/bufg_gt_txoutclkmon_inst/O | design_1_i/xdma_0/inst/pcie4_ip_i/inst/design_1_xdma_0_1_pcie4_ip_gt_top_i/diablo_gt.diablo_gt_phy_wrapper/gt_wizard.gtwizard_top_i/design_1_xdma_0_1_pcie4_ip_gt_i/inst/gen_gtwizard_gtye4_top.design_1_xdma_0_1_pcie4_ip_gt_gtwizard_gtye4_inst/gen_gtwizard_gtye4.gen_cpll_cal_gtye4.gen_cpll_cal_inst[2].gen_inst_cpll_cal.gtwizard_ultrascale_v1_7_17_gtye4_cpll_cal_inst/gtwizard_ultrascale_v1_7_17_gtye4_cpll_cal_tx_i/txoutclkmon |             8.0 |
| design_1_i/xdma_0/inst/pcie4_ip_i/inst/design_1_xdma_0_1_pcie4_ip_gt_top_i/diablo_gt.diablo_gt_phy_wrapper/gt_wizard.gtwizard_top_i/design_1_xdma_0_1_pcie4_ip_gt_i/inst/gen_gtwizard_gtye4_top.design_1_xdma_0_1_pcie4_ip_gt_gtwizard_gtye4_inst/gen_gtwizard_gtye4.gen_cpll_cal_gtye4.gen_cpll_cal_inst[3].gen_inst_cpll_cal.gtwizard_ultrascale_v1_7_17_gtye4_cpll_cal_inst/gtwizard_ultrascale_v1_7_17_gtye4_cpll_cal_tx_i/bufg_gt_txoutclkmon_inst/O | design_1_i/xdma_0/inst/pcie4_ip_i/inst/design_1_xdma_0_1_pcie4_ip_gt_top_i/diablo_gt.diablo_gt_phy_wrapper/gt_wizard.gtwizard_top_i/design_1_xdma_0_1_pcie4_ip_gt_i/inst/gen_gtwizard_gtye4_top.design_1_xdma_0_1_pcie4_ip_gt_gtwizard_gtye4_inst/gen_gtwizard_gtye4.gen_cpll_cal_gtye4.gen_cpll_cal_inst[3].gen_inst_cpll_cal.gtwizard_ultrascale_v1_7_17_gtye4_cpll_cal_inst/gtwizard_ultrascale_v1_7_17_gtye4_cpll_cal_tx_i/txoutclkmon |             8.0 |
| design_1_i/xdma_0/inst/pcie4_ip_i/inst/design_1_xdma_0_1_pcie4_ip_gt_top_i/diablo_gt.diablo_gt_phy_wrapper/gt_wizard.gtwizard_top_i/design_1_xdma_0_1_pcie4_ip_gt_i/inst/gen_gtwizard_gtye4_top.design_1_xdma_0_1_pcie4_ip_gt_gtwizard_gtye4_inst/gen_gtwizard_gtye4.gen_cpll_cal_gtye4.gen_cpll_cal_inst[4].gen_inst_cpll_cal.gtwizard_ultrascale_v1_7_17_gtye4_cpll_cal_inst/gtwizard_ultrascale_v1_7_17_gtye4_cpll_cal_tx_i/bufg_gt_txoutclkmon_inst/O | design_1_i/xdma_0/inst/pcie4_ip_i/inst/design_1_xdma_0_1_pcie4_ip_gt_top_i/diablo_gt.diablo_gt_phy_wrapper/gt_wizard.gtwizard_top_i/design_1_xdma_0_1_pcie4_ip_gt_i/inst/gen_gtwizard_gtye4_top.design_1_xdma_0_1_pcie4_ip_gt_gtwizard_gtye4_inst/gen_gtwizard_gtye4.gen_cpll_cal_gtye4.gen_cpll_cal_inst[4].gen_inst_cpll_cal.gtwizard_ultrascale_v1_7_17_gtye4_cpll_cal_inst/gtwizard_ultrascale_v1_7_17_gtye4_cpll_cal_tx_i/txoutclkmon |             8.0 |
| design_1_i/xdma_0/inst/pcie4_ip_i/inst/design_1_xdma_0_1_pcie4_ip_gt_top_i/diablo_gt.diablo_gt_phy_wrapper/gt_wizard.gtwizard_top_i/design_1_xdma_0_1_pcie4_ip_gt_i/inst/gen_gtwizard_gtye4_top.design_1_xdma_0_1_pcie4_ip_gt_gtwizard_gtye4_inst/gen_gtwizard_gtye4.gen_cpll_cal_gtye4.gen_cpll_cal_inst[5].gen_inst_cpll_cal.gtwizard_ultrascale_v1_7_17_gtye4_cpll_cal_inst/gtwizard_ultrascale_v1_7_17_gtye4_cpll_cal_tx_i/bufg_gt_txoutclkmon_inst/O | design_1_i/xdma_0/inst/pcie4_ip_i/inst/design_1_xdma_0_1_pcie4_ip_gt_top_i/diablo_gt.diablo_gt_phy_wrapper/gt_wizard.gtwizard_top_i/design_1_xdma_0_1_pcie4_ip_gt_i/inst/gen_gtwizard_gtye4_top.design_1_xdma_0_1_pcie4_ip_gt_gtwizard_gtye4_inst/gen_gtwizard_gtye4.gen_cpll_cal_gtye4.gen_cpll_cal_inst[5].gen_inst_cpll_cal.gtwizard_ultrascale_v1_7_17_gtye4_cpll_cal_inst/gtwizard_ultrascale_v1_7_17_gtye4_cpll_cal_tx_i/txoutclkmon |             8.0 |
| design_1_i/xdma_0/inst/pcie4_ip_i/inst/design_1_xdma_0_1_pcie4_ip_gt_top_i/diablo_gt.diablo_gt_phy_wrapper/gt_wizard.gtwizard_top_i/design_1_xdma_0_1_pcie4_ip_gt_i/inst/gen_gtwizard_gtye4_top.design_1_xdma_0_1_pcie4_ip_gt_gtwizard_gtye4_inst/gen_gtwizard_gtye4.gen_cpll_cal_gtye4.gen_cpll_cal_inst[6].gen_inst_cpll_cal.gtwizard_ultrascale_v1_7_17_gtye4_cpll_cal_inst/gtwizard_ultrascale_v1_7_17_gtye4_cpll_cal_tx_i/bufg_gt_txoutclkmon_inst/O | design_1_i/xdma_0/inst/pcie4_ip_i/inst/design_1_xdma_0_1_pcie4_ip_gt_top_i/diablo_gt.diablo_gt_phy_wrapper/gt_wizard.gtwizard_top_i/design_1_xdma_0_1_pcie4_ip_gt_i/inst/gen_gtwizard_gtye4_top.design_1_xdma_0_1_pcie4_ip_gt_gtwizard_gtye4_inst/gen_gtwizard_gtye4.gen_cpll_cal_gtye4.gen_cpll_cal_inst[6].gen_inst_cpll_cal.gtwizard_ultrascale_v1_7_17_gtye4_cpll_cal_inst/gtwizard_ultrascale_v1_7_17_gtye4_cpll_cal_tx_i/txoutclkmon |             8.0 |
| design_1_i/xdma_0/inst/pcie4_ip_i/inst/design_1_xdma_0_1_pcie4_ip_gt_top_i/diablo_gt.diablo_gt_phy_wrapper/gt_wizard.gtwizard_top_i/design_1_xdma_0_1_pcie4_ip_gt_i/inst/gen_gtwizard_gtye4_top.design_1_xdma_0_1_pcie4_ip_gt_gtwizard_gtye4_inst/gen_gtwizard_gtye4.gen_cpll_cal_gtye4.gen_cpll_cal_inst[7].gen_inst_cpll_cal.gtwizard_ultrascale_v1_7_17_gtye4_cpll_cal_inst/gtwizard_ultrascale_v1_7_17_gtye4_cpll_cal_tx_i/bufg_gt_txoutclkmon_inst/O | design_1_i/xdma_0/inst/pcie4_ip_i/inst/design_1_xdma_0_1_pcie4_ip_gt_top_i/diablo_gt.diablo_gt_phy_wrapper/gt_wizard.gtwizard_top_i/design_1_xdma_0_1_pcie4_ip_gt_i/inst/gen_gtwizard_gtye4_top.design_1_xdma_0_1_pcie4_ip_gt_gtwizard_gtye4_inst/gen_gtwizard_gtye4.gen_cpll_cal_gtye4.gen_cpll_cal_inst[7].gen_inst_cpll_cal.gtwizard_ultrascale_v1_7_17_gtye4_cpll_cal_inst/gtwizard_ultrascale_v1_7_17_gtye4_cpll_cal_tx_i/txoutclkmon |             8.0 |
| design_1_i/xdma_0/inst/pcie4_ip_i/inst/design_1_xdma_0_1_pcie4_ip_gt_top_i/diablo_gt.diablo_gt_phy_wrapper/phy_clk_i/bufg_gt_intclk/O                                                                                                                                                                                                                                                                                                                     | design_1_i/xdma_0/inst/pcie4_ip_i/inst/design_1_xdma_0_1_pcie4_ip_gt_top_i/diablo_gt.diablo_gt_phy_wrapper/phy_clk_i/CLK_INTCLK                                                                                                                                                                                                                                                                                                            |          1000.0 |
| design_1_xdma_0_1_pcie4_ip_gt_top_i_n_60                                                                                                                                                                                                                                                                                                                                                                                                                  | design_1_i/xdma_0/inst/pcie4_ip_i/inst/design_1_xdma_0_1_pcie4_ip_gt_top_i/diablo_gt.diablo_gt_phy_wrapper/phy_clk_i/CLK_MCAPCLK                                                                                                                                                                                                                                                                                                           |             8.0 |
| mmcm_clkout0                                                                                                                                                                                                                                                                                                                                                                                                                                              | design_1_i/ddr4_0/inst/u_ddr4_infrastructure/mmcm_clkout0                                                                                                                                                                                                                                                                                                                                                                                  |             3.3 |
| mmcm_clkout1                                                                                                                                                                                                                                                                                                                                                                                                                                              | design_1_i/ddr4_0/inst/u_ddr4_infrastructure/mmcm_clkout1                                                                                                                                                                                                                                                                                                                                                                                  |            10.0 |
| mmcm_clkout5                                                                                                                                                                                                                                                                                                                                                                                                                                              | design_1_i/ddr4_0/inst/u_ddr4_infrastructure/mmcm_clkout5                                                                                                                                                                                                                                                                                                                                                                                  |            13.3 |
| mmcm_clkout6                                                                                                                                                                                                                                                                                                                                                                                                                                              | design_1_i/ddr4_0/inst/u_ddr4_infrastructure/mmcm_clkout6                                                                                                                                                                                                                                                                                                                                                                                  |             6.7 |
| pcie_refclk_clk_p                                                                                                                                                                                                                                                                                                                                                                                                                                         | pcie_refclk_clk_p                                                                                                                                                                                                                                                                                                                                                                                                                          |            10.0 |
| pipe_clk                                                                                                                                                                                                                                                                                                                                                                                                                                                  | design_1_i/xdma_0/inst/pcie4_ip_i/inst/design_1_xdma_0_1_pcie4_ip_gt_top_i/diablo_gt.diablo_gt_phy_wrapper/phy_clk_i/CLK_PCLK2_GT                                                                                                                                                                                                                                                                                                          |             4.0 |
| pll_clk[0]                                                                                                                                                                                                                                                                                                                                                                                                                                                | design_1_i/ddr4_0/inst/u_ddr4_mem_intfc/u_mig_ddr4_phy/inst/u_ddr4_phy_pll/pll_clk[0]                                                                                                                                                                                                                                                                                                                                                      |             0.4 |
| pll_clk[0]_DIV                                                                                                                                                                                                                                                                                                                                                                                                                                            | design_1_i/ddr4_0/inst/u_ddr4_mem_intfc/u_mig_ddr4_phy/inst/generate_block1.u_ddr_xiphy/byte_num[0].xiphy_byte_wrapper.u_xiphy_byte_wrapper/I_CONTROL[0].GEN_I_CONTROL.u_xiphy_control/TX_BIT_CTRL_OUT0[26]                                                                                                                                                                                                                                |             3.3 |
| pll_clk[1]                                                                                                                                                                                                                                                                                                                                                                                                                                                | design_1_i/ddr4_0/inst/u_ddr4_mem_intfc/u_mig_ddr4_phy/inst/u_ddr4_phy_pll/pll_clk[1]                                                                                                                                                                                                                                                                                                                                                      |             0.4 |
| pll_clk[1]_DIV                                                                                                                                                                                                                                                                                                                                                                                                                                            | design_1_i/ddr4_0/inst/u_ddr4_mem_intfc/u_mig_ddr4_phy/inst/generate_block1.u_ddr_xiphy/byte_num[4].xiphy_byte_wrapper.u_xiphy_byte_wrapper/I_CONTROL[0].GEN_I_CONTROL.u_xiphy_control/TX_BIT_CTRL_OUT0[26]                                                                                                                                                                                                                                |             3.3 |
| pll_clk[2]                                                                                                                                                                                                                                                                                                                                                                                                                                                | design_1_i/ddr4_0/inst/u_ddr4_mem_intfc/u_mig_ddr4_phy/inst/u_ddr4_phy_pll/pll_clk[2]                                                                                                                                                                                                                                                                                                                                                      |             0.4 |
| pll_clk[2]_DIV                                                                                                                                                                                                                                                                                                                                                                                                                                            | design_1_i/ddr4_0/inst/u_ddr4_mem_intfc/u_mig_ddr4_phy/inst/generate_block1.u_ddr_xiphy/byte_num[10].xiphy_byte_wrapper.u_xiphy_byte_wrapper/I_CONTROL[0].GEN_I_CONTROL.u_xiphy_control/TX_BIT_CTRL_OUT2[26]                                                                                                                                                                                                                               |             3.3 |
| qpll0outclk_out[0]                                                                                                                                                                                                                                                                                                                                                                                                                                        | design_1_i/xdma_0/inst/pcie4_ip_i/inst/design_1_xdma_0_1_pcie4_ip_gt_top_i/diablo_gt.diablo_gt_phy_wrapper/gt_wizard.gtwizard_top_i/design_1_xdma_0_1_pcie4_ip_gt_i/inst/gen_gtwizard_gtye4_top.design_1_xdma_0_1_pcie4_ip_gt_gtwizard_gtye4_inst/gen_gtwizard_gtye4.gen_common.gen_common_container[31].gen_enabled_common.gtye4_common_wrapper_inst/common_inst/qpll0outclk_out[0]                                                       |             0.2 |
| qpll0outclk_out[0]_1                                                                                                                                                                                                                                                                                                                                                                                                                                      | design_1_i/xdma_0/inst/pcie4_ip_i/inst/design_1_xdma_0_1_pcie4_ip_gt_top_i/diablo_gt.diablo_gt_phy_wrapper/gt_wizard.gtwizard_top_i/design_1_xdma_0_1_pcie4_ip_gt_i/inst/gen_gtwizard_gtye4_top.design_1_xdma_0_1_pcie4_ip_gt_gtwizard_gtye4_inst/gen_gtwizard_gtye4.gen_common.gen_common_container[32].gen_enabled_common.gtye4_common_wrapper_inst/common_inst/qpll0outclk_out[0]                                                       |             0.2 |
| qpll0outrefclk_out[0]                                                                                                                                                                                                                                                                                                                                                                                                                                     | design_1_i/xdma_0/inst/pcie4_ip_i/inst/design_1_xdma_0_1_pcie4_ip_gt_top_i/diablo_gt.diablo_gt_phy_wrapper/gt_wizard.gtwizard_top_i/design_1_xdma_0_1_pcie4_ip_gt_i/inst/gen_gtwizard_gtye4_top.design_1_xdma_0_1_pcie4_ip_gt_gtwizard_gtye4_inst/gen_gtwizard_gtye4.gen_common.gen_common_container[31].gen_enabled_common.gtye4_common_wrapper_inst/common_inst/qpll0outrefclk_out[0]                                                    |            10.0 |
| qpll0outrefclk_out[0]_1                                                                                                                                                                                                                                                                                                                                                                                                                                   | design_1_i/xdma_0/inst/pcie4_ip_i/inst/design_1_xdma_0_1_pcie4_ip_gt_top_i/diablo_gt.diablo_gt_phy_wrapper/gt_wizard.gtwizard_top_i/design_1_xdma_0_1_pcie4_ip_gt_i/inst/gen_gtwizard_gtye4_top.design_1_xdma_0_1_pcie4_ip_gt_gtwizard_gtye4_inst/gen_gtwizard_gtye4.gen_common.gen_common_container[32].gen_enabled_common.gtye4_common_wrapper_inst/common_inst/qpll0outrefclk_out[0]                                                    |            10.0 |
| qpll1outclk_out[0]                                                                                                                                                                                                                                                                                                                                                                                                                                        | design_1_i/xdma_0/inst/pcie4_ip_i/inst/design_1_xdma_0_1_pcie4_ip_gt_top_i/diablo_gt.diablo_gt_phy_wrapper/gt_wizard.gtwizard_top_i/design_1_xdma_0_1_pcie4_ip_gt_i/inst/gen_gtwizard_gtye4_top.design_1_xdma_0_1_pcie4_ip_gt_gtwizard_gtye4_inst/gen_gtwizard_gtye4.gen_common.gen_common_container[31].gen_enabled_common.gtye4_common_wrapper_inst/common_inst/qpll1outclk_out[0]                                                       |             0.2 |
| qpll1outclk_out[0]_1                                                                                                                                                                                                                                                                                                                                                                                                                                      | design_1_i/xdma_0/inst/pcie4_ip_i/inst/design_1_xdma_0_1_pcie4_ip_gt_top_i/diablo_gt.diablo_gt_phy_wrapper/gt_wizard.gtwizard_top_i/design_1_xdma_0_1_pcie4_ip_gt_i/inst/gen_gtwizard_gtye4_top.design_1_xdma_0_1_pcie4_ip_gt_gtwizard_gtye4_inst/gen_gtwizard_gtye4.gen_common.gen_common_container[32].gen_enabled_common.gtye4_common_wrapper_inst/common_inst/qpll1outclk_out[0]                                                       |             0.2 |
| qpll1outrefclk_out[0]                                                                                                                                                                                                                                                                                                                                                                                                                                     | design_1_i/xdma_0/inst/pcie4_ip_i/inst/design_1_xdma_0_1_pcie4_ip_gt_top_i/diablo_gt.diablo_gt_phy_wrapper/gt_wizard.gtwizard_top_i/design_1_xdma_0_1_pcie4_ip_gt_i/inst/gen_gtwizard_gtye4_top.design_1_xdma_0_1_pcie4_ip_gt_gtwizard_gtye4_inst/gen_gtwizard_gtye4.gen_common.gen_common_container[31].gen_enabled_common.gtye4_common_wrapper_inst/common_inst/qpll1outrefclk_out[0]                                                    |            10.0 |
| qpll1outrefclk_out[0]_1                                                                                                                                                                                                                                                                                                                                                                                                                                   | design_1_i/xdma_0/inst/pcie4_ip_i/inst/design_1_xdma_0_1_pcie4_ip_gt_top_i/diablo_gt.diablo_gt_phy_wrapper/gt_wizard.gtwizard_top_i/design_1_xdma_0_1_pcie4_ip_gt_i/inst/gen_gtwizard_gtye4_top.design_1_xdma_0_1_pcie4_ip_gt_gtwizard_gtye4_inst/gen_gtwizard_gtye4.gen_common.gen_common_container[32].gen_enabled_common.gtye4_common_wrapper_inst/common_inst/qpll1outrefclk_out[0]                                                    |            10.0 |
| xdma_0_axi_aclk                                                                                                                                                                                                                                                                                                                                                                                                                                           | design_1_i/xdma_0/inst/pcie4_ip_i/inst/design_1_xdma_0_1_pcie4_ip_gt_top_i/diablo_gt.diablo_gt_phy_wrapper/phy_clk_i/CLK_USERCLK                                                                                                                                                                                                                                                                                                           |             4.0 |
+-----------------------------------------------------------------------------------------------------------------------------------------------------------------------------------------------------------------------------------------------------------------------------------------------------------------------------------------------------------------------------------------------------------------------------------------------------------+--------------------------------------------------------------------------------------------------------------------------------------------------------------------------------------------------------------------------------------------------------------------------------------------------------------------------------------------------------------------------------------------------------------------------------------------+-----------------+


3. Detailed Reports
-------------------

3.1 By Hierarchy
----------------

+-------------------------------+-----------+
| Name                          | Power (W) |
+-------------------------------+-----------+
| design_1_wrapper              |     6.477 |
|   dbg_hub                     |     0.003 |
|     inst                      |     0.003 |
|       BSCANID.u_xsdbm_id      |     0.003 |
|   design_1_i                  |     6.451 |
|     axi_quad_spi_0            |     0.007 |
|       U0                      |     0.007 |
|     axi_smc                   |     0.520 |
|       inst                    |     0.520 |
|     axi_timer_0               |     0.002 |
|       U0                      |     0.002 |
|     ddr4_0                    |     1.490 |
|       inst                    |     1.490 |
|     microblaze_0              |     0.098 |
|       U0                      |     0.098 |
|     microblaze_0_axi_intc     |     0.001 |
|       U0                      |     0.001 |
|     microblaze_0_axi_periph   |     0.002 |
|       m03_couplers            |     0.001 |
|       xbar                    |     0.001 |
|     microblaze_0_local_memory |     0.013 |
|       dlmb_bram_if_cntlr      |     0.004 |
|       ilmb_bram_if_cntlr      |     0.002 |
|       lmb_bram                |     0.007 |
|     util_ds_buf               |     0.006 |
|       U0                      |     0.006 |
|     xdma_0                    |     4.309 |
|       inst                    |     4.309 |
|   spi_rtl_io0_iobuf           |     0.006 |
|   spi_rtl_io1_iobuf           |     0.006 |
|   spi_rtl_sck_iobuf           |     0.006 |
|   spi_rtl_ss_iobuf_0          |     0.006 |
+-------------------------------+-----------+


